\BOOKMARK [1][-]{section*.2}{\376\377\000L\000i\000s\000t\000\040\000o\000f\000\040\000A\000b\000b\000r\000e\000v\000i\000a\000t\000i\000o\000n\000s}{}% 1
\BOOKMARK [1][-]{section*.4}{\376\377\000G\000l\000o\000s\000s\000a\000r\000y}{}% 2
\BOOKMARK [1][-]{section.6}{\376\377\000I\000n\000t\000r\000o\000d\000u\000c\000t\000i\000o\000n}{}% 3
\BOOKMARK [2][-]{subsection.7}{\376\377\000M\000o\000t\000i\000v\000a\000t\000i\000o\000n}{section.6}% 4
\BOOKMARK [2][-]{subsection.8}{\376\377\000P\000r\000o\000b\000l\000e\000m\000\040\000S\000t\000a\000t\000e\000m\000e\000n\000t}{section.6}% 5
\BOOKMARK [2][-]{subsection.9}{\376\377\000U\000n\000d\000e\000r\000s\000t\000a\000n\000d\000i\000n\000g\000\040\000N\000e\000u\000r\000o\000d\000i\000v\000e\000r\000s\000i\000t\000y\000\040\000i\000n\000\040\000S\000o\000f\000t\000w\000a\000r\000e\000\040\000D\000e\000v\000e\000l\000o\000p\000m\000e\000n\000t}{section.6}% 6
\BOOKMARK [2][-]{subsection.11}{\376\377\000A\000i\000m\000s\000\040\000a\000n\000d\000\040\000O\000b\000j\000e\000c\000t\000i\000v\000e\000s}{section.6}% 7
\BOOKMARK [3][-]{subsubsection.12}{\376\377\000P\000r\000o\000j\000e\000c\000t\000\040\000A\000i\000m}{subsection.11}% 8
\BOOKMARK [3][-]{subsubsection.13}{\376\377\000R\000e\000s\000e\000a\000r\000c\000h\000\040\000O\000b\000j\000e\000c\000t\000i\000v\000e\000s}{subsection.11}% 9
\BOOKMARK [1][-]{section.14}{\376\377\000L\000i\000t\000e\000r\000a\000t\000u\000r\000e\000\040\000R\000e\000v\000i\000e\000w}{}% 10
\BOOKMARK [2][-]{subsection.15}{\376\377\000C\000o\000g\000n\000i\000t\000i\000v\000e\000\040\000L\000o\000a\000d\000\040\000T\000h\000e\000o\000r\000y\000\040\000\050\000C\000L\000T\000\051}{section.14}% 11
\BOOKMARK [3][-]{subsubsection.16}{\376\377\000S\000w\000e\000l\000l\000e\000r\040\031\000s\000\040\000T\000r\000i\000p\000a\000r\000t\000i\000t\000e\000\040\000F\000r\000a\000m\000e\000w\000o\000r\000k\000\040\000o\000f\000\040\000L\000o\000a\000d}{subsection.15}% 12
\BOOKMARK [3][-]{subsubsection.21}{\376\377\000I\000n\000t\000e\000g\000r\000a\000t\000i\000o\000n\000\040\000w\000i\000t\000h\000\040\000R\000o\000s\000e\000n\000s\000h\000i\000n\000`\000s\000\040\000P\000r\000i\000n\000c\000i\000p\000l\000e\000s\000\040\000o\000f\000\040\000I\000n\000s\000t\000r\000u\000c\000t\000i\000o\000n}{subsection.15}% 13
\BOOKMARK [3][-]{subsubsection.22}{\376\377\000T\000h\000e\000\040\000C\000o\000g\000n\000i\000t\000i\000v\000e\000\040\000T\000h\000e\000o\000r\000y\000\040\000o\000f\000\040\000M\000u\000l\000t\000i\000m\000e\000d\000i\000a\000\040\000L\000e\000a\000r\000n\000i\000n\000g\000\040\000\050\000C\000T\000M\000L\000\051}{subsection.15}% 14
\BOOKMARK [2][-]{subsection.23}{\376\377\000N\000e\000u\000r\000o\000d\000i\000v\000e\000r\000s\000i\000t\000y\000\040\000i\000n\000\040\000S\000o\000f\000t\000w\000a\000r\000e\000\040\000E\000n\000g\000i\000n\000e\000e\000r\000i\000n\000g}{section.14}% 15
\BOOKMARK [3][-]{subsubsection.24}{\376\377\000T\000h\000e\000\040\000C\000o\000g\000n\000i\000t\000i\000v\000e\000\040\000L\000o\000a\000d\000\040\000C\000o\000n\000n\000e\000c\000t\000i\000o\000n}{subsection.23}% 16
\BOOKMARK [3][-]{subsubsection.25}{\376\377\000E\000x\000e\000c\000u\000t\000i\000v\000e\000\040\000F\000u\000n\000c\000t\000i\000o\000n\000i\000n\000g\000\040\000a\000n\000d\000\040\000T\000a\000s\000k\000\040\000S\000w\000i\000t\000c\000h\000i\000n\000g}{subsection.23}% 17
\BOOKMARK [3][-]{subsubsection.26}{\376\377\000S\000p\000e\000c\000i\000f\000i\000c\000\040\000C\000h\000a\000l\000l\000e\000n\000g\000e\000s\000\040\000b\000y\000\040\000C\000o\000n\000d\000i\000t\000i\000o\000n}{subsection.23}% 18
\BOOKMARK [3][-]{subsubsection.27}{\376\377\000B\000e\000y\000o\000n\000d\000\040\000M\000e\000d\000i\000c\000a\000l}{subsection.23}% 19
\BOOKMARK [3][-]{subsubsection.28}{\376\377\000T\000h\000e\000\040\000`\000`\000D\000o\000u\000b\000l\000e\000-\000E\000d\000g\000e\000d\000\040\000S\000w\000o\000r\000d\000'\000'\000\040\000o\000f\000\040\000H\000y\000p\000e\000r\000f\000o\000c\000u\000s}{subsection.23}% 20
\BOOKMARK [2][-]{subsection.29}{\376\377\000E\000x\000i\000s\000t\000i\000n\000g\000\040\000T\000o\000o\000l\000s}{section.14}% 21
\BOOKMARK [2][-]{subsection.30}{\376\377\000C\000o\000l\000o\000u\000r\000\040\000f\000i\000l\000t\000e\000r\000s}{section.14}% 22
\BOOKMARK [3][-]{subsubsection.31}{\376\377\000T\000h\000e\000\040\000`\000`\000H\000a\000l\000a\000t\000i\000o\000n\000'\000'\000\040\000R\000i\000s\000k\000\040\000a\000n\000d\000\040\000S\000o\000f\000t\000\040\000H\000i\000g\000h\000\040\000C\000o\000n\000t\000r\000a\000s\000t}{subsection.30}% 23
\BOOKMARK [2][-]{subsection.32}{\376\377\000A\000I\000\040\000a\000s\000\040\000a\000\040\000C\000o\000g\000n\000i\000t\000i\000v\000e\000\040\000T\000o\000o\000l\000:\000\040\000T\000a\000s\000k\000\040\000D\000e\000c\000o\000m\000p\000o\000s\000i\000t\000i\000o\000n\000\040\000a\000n\000d\000\040\000S\000c\000a\000f\000f\000o\000l\000d\000i\000n\000g}{section.14}% 24
\BOOKMARK [2][-]{subsection.33}{\376\377\000N\000A\000S\000A\000-\000T\000L\000X\000\040\000a\000n\000d\000\040\000S\000U\000S\000:\000\040\000M\000e\000a\000s\000u\000r\000i\000n\000g\000\040\000C\000o\000g\000n\000i\000t\000i\000v\000e\000\040\000L\000o\000a\000d\000\040\000a\000n\000d\000\040\000U\000s\000a\000b\000i\000l\000i\000t\000y}{section.14}% 25
\BOOKMARK [1][-]{section.34}{\376\377\000D\000e\000s\000i\000g\000n\000\040\000a\000n\000d\000\040\000I\000m\000p\000l\000e\000m\000e\000n\000t\000a\000t\000i\000o\000n}{}% 26
\BOOKMARK [2][-]{subsection.35}{\376\377\000U\000s\000e\000r\000\040\000R\000e\000q\000u\000i\000r\000e\000m\000e\000n\000t\000s}{section.34}% 27
\BOOKMARK [2][-]{subsection.37}{\376\377\000M\000o\000d\000u\000l\000e\000\040\000D\000e\000s\000i\000g\000n}{section.34}% 28
\BOOKMARK [3][-]{subsubsection.39}{\376\377\000M\000i\000n\000i\000m\000a\000l\000i\000s\000t\000\040\000T\000o\000g\000g\000l\000e}{subsection.37}% 29
\BOOKMARK [3][-]{subsubsection.40}{\376\377\000T\000a\000s\000k\000\040\000A\000r\000c\000h\000i\000t\000e\000c\000t}{subsection.37}% 30
\BOOKMARK [3][-]{subsubsection.41}{\376\377\000V\000i\000s\000u\000a\000l\000\040\000S\000t\000y\000l\000e\000r}{subsection.37}% 31
\BOOKMARK [2][-]{subsection.42}{\376\377\000S\000y\000s\000t\000e\000m\000\040\000A\000r\000c\000h\000i\000t\000e\000c\000t\000u\000r\000e}{section.34}% 32
\BOOKMARK [2][-]{subsection.44}{\376\377\000I\000m\000p\000l\000e\000m\000e\000n\000t\000a\000t\000i\000o\000n}{section.34}% 33
\BOOKMARK [2][-]{subsection.45}{\376\377\000T\000e\000c\000h\000n\000o\000l\000o\000g\000y\000\040\000S\000t\000a\000c\000k}{section.34}% 34
\BOOKMARK [2][-]{subsection.46}{\376\377\000U\000I\000\040\000S\000i\000m\000p\000l\000i\000f\000i\000c\000a\000t\000i\000o\000n\000\040\000a\000n\000d\000\040\000M\000i\000n\000i\000m\000a\000l\000i\000s\000t\000\040\000T\000o\000g\000g\000l\000e}{section.34}% 35
\BOOKMARK [2][-]{subsection.47}{\376\377\000A\000I\000\040\000I\000n\000t\000e\000g\000r\000a\000t\000i\000o\000n}{section.34}% 36
\BOOKMARK [2][-]{subsection.52}{\376\377\000I\000n\000i\000t\000a\000l\000\040\000U\000s\000e\000r\000\040\000T\000e\000s\000t\000i\000n\000g\000\040\000a\000n\000d\000\040\000F\000e\000e\000d\000b\000a\000c\000k}{section.34}% 37
\BOOKMARK [2][-]{subsection.55}{\376\377\000E\000v\000a\000l\000u\000a\000t\000i\000o\000n\000\040\000a\000n\000d\000\040\000M\000e\000t\000h\000o\000d\000o\000l\000o\000g\000y}{section.34}% 38
\BOOKMARK [2][-]{subsection.56}{\376\377\000E\000x\000p\000e\000r\000i\000m\000e\000n\000t\000a\000l\000\040\000D\000e\000s\000i\000g\000n}{section.34}% 39
\BOOKMARK [2][-]{subsection.59}{\376\377\000Q\000u\000a\000n\000t\000i\000t\000a\000t\000i\000v\000e\000\040\000a\000n\000d\000\040\000Q\000u\000a\000l\000i\000t\000a\000t\000i\000v\000e\000\040\000F\000r\000a\000m\000e\000w\000o\000r\000k\000s}{section.34}% 40
\BOOKMARK [3][-]{subsubsection.60}{\376\377\000N\000A\000S\000A\000\040\000T\000a\000s\000k\000\040\000L\000o\000a\000d\000\040\000I\000n\000d\000e\000x\000\040\000\050\000N\000A\000S\000A\000T\000L\000X\000\051}{subsection.59}% 41
\BOOKMARK [3][-]{subsubsection.61}{\376\377\000S\000y\000s\000t\000e\000m\000\040\000U\000s\000a\000b\000i\000l\000i\000t\000y\000\040\000S\000c\000a\000l\000e\000\040\000\050\000S\000U\000S\000\051}{subsection.59}% 42
\BOOKMARK [2][-]{subsection.64}{\376\377\000D\000a\000t\000a\000\040\000C\000o\000l\000l\000e\000c\000t\000i\000o\000n\000\040\000a\000n\000d\000\040\000A\000n\000a\000l\000y\000s\000i\000s}{section.34}% 43
\BOOKMARK [1][-]{section.65}{\376\377\000R\000e\000s\000u\000l\000t\000s\000\040\000a\000n\000d\000\040\000D\000i\000s\000c\000u\000s\000s\000i\000o\000n}{}% 44
\BOOKMARK [2][-]{subsection.66}{\376\377\000A\000n\000a\000l\000y\000s\000i\000s\000\040\000o\000f\000\040\000N\000A\000S\000A\000-\000T\000L\000X\000\040\000S\000c\000o\000r\000e\000s}{section.65}% 45
\BOOKMARK [2][-]{subsection.67}{\376\377\000T\000a\000s\000k\000\040\000I\000n\000i\000t\000i\000a\000t\000i\000o\000n\000\040\000F\000i\000n\000d\000i\000n\000g\000s}{section.65}% 46
\BOOKMARK [2][-]{subsection.68}{\376\377\000D\000i\000s\000c\000u\000s\000s\000i\000o\000n}{section.65}% 47
\BOOKMARK [2][-]{subsection.69}{\376\377\000L\000i\000m\000i\000t\000a\000t\000i\000o\000n\000s}{section.65}% 48
\BOOKMARK [1][-]{section*.70}{\376\377\000R\000e\000f\000e\000r\000e\000n\000c\000e\000s}{}% 49
